<?xml version="1.0" encoding="UTF-8"?>
<!-- Generated by org.testng.reporters.JUnitReportReporter -->
<testsuite hostname="DESKTOP-JV12SCD" failures="0" tests="1" name="Pom_Pagefactory_LoginPage.LoginTest" time="14.306" errors="0" timestamp="2022-05-13T16:32:25 IST" skipped="0">
  <testcase classname="Pom_Pagefactory_LoginPage.LoginTest" name="FacebookLogInPageTest" time="14.306"/>
  <system-out>
    <![CDATA[verifyFacebookLoginPageFblogo
verifyFacebookLoginPageTagline
verifyFacebookLoginPageForgotPassword
verifyFacebookLoginPageForgotPassword
verifyFacebookLoginPageCreatePage
setFacebookLoginPageUserID
setFacebookLoginPassword
clickFacebookLoginLogInButton]]>
  </system-out>
</testsuite> <!-- Pom_Pagefactory_LoginPage.LoginTest -->
