<?xml version="1.0" encoding="UTF-8"?>
<!-- Generated by org.testng.reporters.JUnitReportReporter -->
<testsuite hostname="DESKTOP-JV12SCD" failures="0" tests="3" name="TestNG.MethodAnnotation" time="0.061" errors="0" timestamp="2022-05-04T17:27:34 IST" skipped="0">
  <testcase classname="TestNG.MethodAnnotation" name="HomePage" time="0.023"/>
  <system-out/>
  <testcase classname="TestNG.MethodAnnotation" name="Message" time="0.025"/>
  <system-out/>
  <testcase classname="TestNG.MethodAnnotation" name="Notification" time="0.013"/>
  <system-out/>
</testsuite> <!-- TestNG.MethodAnnotation -->
