<?xml version="1.0" encoding="UTF-8"?>
<!-- Generated by org.testng.reporters.JUnitReportReporter -->
<testsuite hostname="DESKTOP-JV12SCD" failures="0" tests="9" name="Assertion_Practice.Cross_Browser_Testing" time="17.802" errors="0" timestamp="2022-05-12T23:01:33 IST" skipped="0">
  <testcase classname="Assertion_Practice.Cross_Browser_Testing" name="allBrowser" time="10.306"/>
  <system-out/>
  <testcase classname="Assertion_Practice.Cross_Browser_Testing" name="VerifyCurrentUrl" time="0.053"/>
  <system-out>
    <![CDATA[Url verification]]>
  </system-out>
  <testcase classname="Assertion_Practice.Cross_Browser_Testing" name="VerifyPageTitle" time="0.039"/>
  <system-out>
    <![CDATA[Page Title verification]]>
  </system-out>
  <testcase classname="Assertion_Practice.Cross_Browser_Testing" name="VerifyUsernameField" time="0.310"/>
  <system-out>
    <![CDATA[Username Field Verified]]>
  </system-out>
  <testcase classname="Assertion_Practice.Cross_Browser_Testing" name="VerifyPasswordField" time="0.268"/>
  <system-out>
    <![CDATA[Password field verified]]>
  </system-out>
  <testcase classname="Assertion_Practice.Cross_Browser_Testing" name="VerifyLogo" time="0.092"/>
  <system-out>
    <![CDATA[Verified that logo is visible]]>
  </system-out>
  <testcase classname="Assertion_Practice.Cross_Browser_Testing" name="VerifyText" time="0.098"/>
  <system-out>
    <![CDATA[Verified text visible is correct]]>
  </system-out>
  <testcase classname="Assertion_Practice.Cross_Browser_Testing" name="VerifyForgottenLink" time="5.462"/>
  <system-out>
    <![CDATA[Verify link is Enable.
Verify link is clickable]]>
  </system-out>
  <testcase classname="Assertion_Practice.Cross_Browser_Testing" name="VerifyLogInButton" time="1.174"/>
  <system-out>
    <![CDATA[Login button functionality verified]]>
  </system-out>
</testsuite> <!-- Assertion_Practice.Cross_Browser_Testing -->
