<?xml version="1.0" encoding="UTF-8"?>
<!-- Generated by org.testng.reporters.JUnitReportReporter -->
<testsuite hostname="DESKTOP-JV12SCD" failures="0" tests="3" name="TestNG.BeforeTestAnnotation" time="0.023" errors="0" timestamp="2022-05-04T20:39:17 IST" skipped="0">
  <testcase classname="TestNG.BeforeTestAnnotation" name="m1" time="0.011"/>
  <system-out/>
  <testcase classname="TestNG.BeforeTestAnnotation" name="m2" time="0.008"/>
  <system-out/>
  <testcase classname="TestNG.BeforeTestAnnotation" name="m3" time="0.004"/>
  <system-out/>
</testsuite> <!-- TestNG.BeforeTestAnnotation -->
