<?xml version="1.0" encoding="UTF-8"?>
<!-- Generated by org.testng.reporters.JUnitReportReporter -->
<testsuite hostname="DESKTOP-JV12SCD" failures="0" tests="3" name="Keywords.DependsOn_method" time="0.027" errors="0" timestamp="2022-05-05T15:09:57 IST" skipped="1">
  <testcase classname="Keywords.DependsOn_method" name="Homepage" time="0.004"/>
  <system-out/>
  <testcase classname="Keywords.DependsOn_method" name="Login" time="0.023"/>
  <system-out/>
  <testcase classname="Keywords.DependsOn_method" name="Logout">
    <skipped/>
  </testcase> <!-- Logout -->
  <system-out/>
</testsuite> <!-- Keywords.DependsOn_method -->
