<?xml version="1.0" encoding="UTF-8"?>
<!-- Generated by org.testng.reporters.JUnitReportReporter -->
<testsuite hostname="DESKTOP-JV12SCD" failures="0" tests="3" name="TestNG.TC1" time="0.037" errors="0" timestamp="2022-05-04T22:04:58 IST" skipped="0">
  <testcase classname="TestNG.TC1" name="m1" time="0.023"/>
  <system-out/>
  <testcase classname="TestNG.TC1" name="m2" time="0.007"/>
  <system-out/>
  <testcase classname="TestNG.TC1" name="m3" time="0.007"/>
  <system-out/>
</testsuite> <!-- TestNG.TC1 -->
