<?xml version="1.0" encoding="UTF-8"?>
<!-- Generated by org.testng.reporters.JUnitReportReporter -->
<testsuite hostname="DESKTOP-JV12SCD" failures="0" tests="2" name="Programs.count_program" time="27.446" errors="0" timestamp="2022-05-05T21:38:36 IST" skipped="0">
  <testcase classname="Programs.count_program" name="browser_launch" time="15.718"/>
  <system-out/>
  <testcase classname="Programs.count_program" name="login_credential" time="11.728"/>
  <system-out/>
</testsuite> <!-- Programs.count_program -->
