<?xml version="1.0" encoding="UTF-8"?>
<!-- Generated by org.testng.reporters.JUnitReportReporter -->
<testsuite hostname="DESKTOP-JV12SCD" failures="0" tests="1" name="Pom_Pagefactory_Practice.RegistrationTest" time="16.866" errors="0" timestamp="2022-05-13T13:50:43 IST" skipped="0">
  <testcase classname="Pom_Pagefactory_Practice.RegistrationTest" name="FacebookRegistrationPageTest" time="16.866"/>
  <system-out/>
</testsuite> <!-- Pom_Pagefactory_Practice.RegistrationTest -->
