<?xml version="1.0" encoding="UTF-8"?>
<!-- Generated by org.testng.reporters.JUnitReportReporter -->
<testsuite hostname="DESKTOP-JV12SCD" failures="0" tests="3" name="Keywords.Invocation_Count" time="0.051" errors="0" timestamp="2022-05-05T15:11:10 IST" skipped="1">
  <testcase classname="Keywords.Invocation_Count" name="Homepage" time="0.039"/>
  <system-out/>
  <testcase classname="Keywords.Invocation_Count" name="msgbox" time="0.012"/>
  <system-out/>
  <testcase classname="Keywords.Invocation_Count" name="Profilepage">
    <skipped/>
  </testcase> <!-- Profilepage -->
  <system-out/>
</testsuite> <!-- Keywords.Invocation_Count -->
