<?xml version="1.0" encoding="UTF-8"?>
<!-- Generated by org.testng.reporters.JUnitReportReporter -->
<testsuite hostname="DESKTOP-JV12SCD" failures="0" tests="5" name="Programs.Thread_counts" time="368.549" errors="0" timestamp="2022-05-07T17:14:47 IST" skipped="0">
  <testcase classname="Programs.Thread_counts" name="LaunchBrowser" time="73.856"/>
  <system-out/>
  <testcase classname="Programs.Thread_counts" name="LaunchBrowser" time="74.432"/>
  <system-out/>
  <testcase classname="Programs.Thread_counts" name="LaunchBrowser" time="73.383"/>
  <system-out/>
  <testcase classname="Programs.Thread_counts" name="LaunchBrowser" time="74.111"/>
  <system-out/>
  <testcase classname="Programs.Thread_counts" name="LaunchBrowser" time="72.767"/>
  <system-out/>
</testsuite> <!-- Programs.Thread_counts -->
