<?xml version="1.0" encoding="UTF-8"?>
<!-- Generated by org.testng.reporters.JUnitReportReporter -->
<testsuite hostname="DESKTOP-JV12SCD" failures="0" tests="3" name="TestNG.TestNG_Practice" time="0.039" errors="0" timestamp="2022-05-04T17:26:38 IST" skipped="0">
  <testcase classname="TestNG.TestNG_Practice" name="login" time="0.024"/>
  <system-out/>
  <testcase classname="TestNG.TestNG_Practice" name="enterURL" time="0.007"/>
  <system-out/>
  <testcase classname="TestNG.TestNG_Practice" name="logout" time="0.008"/>
  <system-out/>
</testsuite> <!-- TestNG.TestNG_Practice -->
