<?xml version="1.0" encoding="UTF-8"?>
<!-- Generated by org.testng.reporters.JUnitReportReporter -->
<testsuite hostname="DESKTOP-JV12SCD" failures="0" tests="1" name="Grouping_practice.Test3" time="0.007" errors="0" timestamp="2022-05-07T18:27:37 IST" skipped="0">
  <testcase classname="Grouping_practice.Test3" name="Testing7" time="0.007"/>
  <system-out/>
</testsuite> <!-- Grouping_practice.Test3 -->
