<?xml version="1.0" encoding="UTF-8"?>
<!-- Generated by org.testng.reporters.JUnitReportReporter -->
<testsuite hostname="DESKTOP-JV12SCD" failures="0" tests="2" name="Hard_assertion" time="0.434" errors="0" timestamp="2022-05-10T11:42:11 IST" skipped="0">
  <testcase classname="Hard_assertion" name="sample1" time="0.418"/>
  <system-out/>
  <testcase classname="Hard_assertion" name="sample2" time="0.016"/>
  <system-out/>
</testsuite> <!-- Hard_assertion -->
