<?xml version="1.0" encoding="UTF-8"?>
<!-- Generated by org.testng.reporters.JUnitReportReporter -->
<testsuite hostname="DESKTOP-JV12SCD" failures="0" tests="1" name="Grouping_practice.Test2" time="0.011" errors="0" timestamp="2022-05-07T18:27:37 IST" skipped="0">
  <testcase classname="Grouping_practice.Test2" name="Testing4" time="0.011"/>
  <system-out/>
</testsuite> <!-- Grouping_practice.Test2 -->
