<?xml version="1.0" encoding="UTF-8"?>
<!-- Generated by org.testng.reporters.JUnitReportReporter -->
<testsuite hostname="DESKTOP-JV12SCD" failures="0" tests="3" name="TestNG.AfterTestAnnotation" time="0.030" errors="0" timestamp="2022-05-04T20:39:38 IST" skipped="0">
  <testcase classname="TestNG.AfterTestAnnotation" name="m4" time="0.018"/>
  <system-out/>
  <testcase classname="TestNG.AfterTestAnnotation" name="m5" time="0.004"/>
  <system-out/>
  <testcase classname="TestNG.AfterTestAnnotation" name="m6" time="0.008"/>
  <system-out/>
</testsuite> <!-- TestNG.AfterTestAnnotation -->
