<?xml version="1.0" encoding="UTF-8"?>
<!-- Generated by org.testng.reporters.JUnitReportReporter -->
<testsuite hostname="DESKTOP-JV12SCD" failures="0" tests="3" name="TestNG.TC2" time="0.016" errors="0" timestamp="2022-05-04T22:04:58 IST" skipped="0">
  <testcase classname="TestNG.TC2" name="m4" time="0.004"/>
  <system-out/>
  <testcase classname="TestNG.TC2" name="m5" time="0.004"/>
  <system-out/>
  <testcase classname="TestNG.TC2" name="m6" time="0.008"/>
  <system-out/>
</testsuite> <!-- TestNG.TC2 -->
