<?xml version="1.0" encoding="UTF-8"?>
<!-- Generated by org.testng.reporters.JUnitReportReporter -->
<testsuite hostname="DESKTOP-JV12SCD" failures="0" tests="3" name="Keywords.Priority_keyword" time="0.066" errors="0" timestamp="2022-05-05T14:19:06 IST" skipped="0">
  <testcase classname="Keywords.Priority_keyword" name="m1" time="0.044"/>
  <system-out/>
  <testcase classname="Keywords.Priority_keyword" name="m2" time="0.013"/>
  <system-out/>
  <testcase classname="Keywords.Priority_keyword" name="m3" time="0.009"/>
  <system-out/>
</testsuite> <!-- Keywords.Priority_keyword -->
